Build started 3/30/2016 9:38:07 AM.
     1>Project "C:\Users\reevedun000\documents\visual studio 2015\Projects\Lab7\Lab7\Lab7.vcxproj" on node 2 (Build target(s)).
     1>ClCompile:
         C:\Program Files (x86)\Microsoft Visual Studio 14.0\VC\bin\CL.exe /c /ZI /nologo /W3 /WX- /sdl /Od /Oy- /D WIN32 /D _DEBUG /D _CONSOLE /D _UNICODE /D UNICODE /Gm /EHsc /RTC1 /MDd /GS /fp:precise /Zc:wchar_t /Zc:forScope /Zc:inline /Yc"stdafx.h" /Fp"Debug\Lab7.pch" /Fo"Debug\\" /Fd"Debug\vc140.pdb" /Gd /TP /analyze- /errorReport:prompt stdafx.cpp
         stdafx.cpp
         C:\Program Files (x86)\Microsoft Visual Studio 14.0\VC\bin\CL.exe /c /ZI /nologo /W3 /WX- /sdl /Od /Oy- /D WIN32 /D _DEBUG /D _CONSOLE /D _UNICODE /D UNICODE /Gm /EHsc /RTC1 /MDd /GS /fp:precise /Zc:wchar_t /Zc:forScope /Zc:inline /Yu"stdafx.h" /Fp"Debug\Lab7.pch" /Fo"Debug\\" /Fd"Debug\vc140.pdb" /Gd /TP /analyze- /errorReport:prompt ExceptionClass.cpp Lab7.cpp Vector_of_integers.cpp
         Vector_of_integers.cpp
     1>c:\users\reevedun000\documents\visual studio 2015\projects\lab7\lab7\vector_of_integers.cpp(39): warning C4018: '>': signed/unsigned mismatch
         Lab7.cpp
         ExceptionClass.cpp
         Generating Code...
       Link:
         C:\Program Files (x86)\Microsoft Visual Studio 14.0\VC\bin\link.exe /ERRORREPORT:PROMPT /OUT:"C:\Users\reevedun000\documents\visual studio 2015\Projects\Lab7\Debug\Lab7.exe" /INCREMENTAL /NOLOGO kernel32.lib user32.lib gdi32.lib winspool.lib comdlg32.lib advapi32.lib shell32.lib ole32.lib oleaut32.lib uuid.lib odbc32.lib odbccp32.lib /MANIFEST /MANIFESTUAC:"level='asInvoker' uiAccess='false'" /manifest:embed /Debug /PDB:"C:\Users\reevedun000\documents\visual studio 2015\Projects\Lab7\Debug\Lab7.pdb" /SUBSYSTEM:CONSOLE /TLBID:1 /DYNAMICBASE /NXCOMPAT /IMPLIB:"C:\Users\reevedun000\documents\visual studio 2015\Projects\Lab7\Debug\Lab7.lib" /MACHINE:X86 Debug\ExceptionClass.obj
         Debug\Lab7.obj
         Debug\stdafx.obj
         Debug\Vector_of_integers.obj
         Lab7.vcxproj -> C:\Users\reevedun000\documents\visual studio 2015\Projects\Lab7\Debug\Lab7.exe
     1>Done Building Project "C:\Users\reevedun000\documents\visual studio 2015\Projects\Lab7\Lab7\Lab7.vcxproj" (Build target(s)).

Build succeeded.

Time Elapsed 00:00:03.33
